2023-08-04 11:23:10 [main] ERROR c.b.b.Block5LoggingApplication - ERROR DE COMPILACIÓN
2023-08-04 11:23:10 [main] ERROR c.b.b.Block5LoggingApplication - ERROR DE INSTALACIÓN
2023-08-04 11:23:10 [main] ERROR c.b.b.Block5LoggingApplication - I'm a teapot
2023-08-04 11:24:33 [main] ERROR c.b.b.Block5LoggingApplication - ERROR DE COMPILACIÓN
2023-08-04 11:24:33 [main] ERROR c.b.b.Block5LoggingApplication - ERROR DE INSTALACIÓN
2023-08-04 11:24:33 [main] ERROR c.b.b.Block5LoggingApplication - I'm a teapot
2023-08-04 11:26:16 [main] ERROR c.b.b.Block5LoggingApplication - ERROR DE COMPILACIÓN
2023-08-04 11:26:16 [main] ERROR c.b.b.Block5LoggingApplication - ERROR DE INSTALACIÓN
2023-08-04 11:26:16 [main] ERROR c.b.b.Block5LoggingApplication - I'm a teapot
2023-08-04 11:26:36 [main] ERROR c.b.b.Block5LoggingApplication - ERROR DE COMPILACIÃ“N
2023-08-04 11:26:36 [main] ERROR c.b.b.Block5LoggingApplication - ERROR DE INSTALACIÃ“N
2023-08-04 11:26:36 [main] ERROR c.b.b.Block5LoggingApplication - I'm a teapot
2023-08-04 11:28:01 [main] ERROR c.b.b.Block5LoggingApplication - ERROR DE COMPILACIÓN
2023-08-04 11:28:01 [main] ERROR c.b.b.Block5LoggingApplication - ERROR DE INSTALACIÓN
2023-08-04 11:28:01 [main] ERROR c.b.b.Block5LoggingApplication - I'm a teapot
2023-08-04 11:28:18 [main] ERROR c.b.b.Block5LoggingApplication - ERROR DE COMPILACIÓN
2023-08-04 11:28:18 [main] ERROR c.b.b.Block5LoggingApplication - ERROR DE INSTALACIÓN
2023-08-04 11:28:18 [main] ERROR c.b.b.Block5LoggingApplication - I'm a teapot
2023-08-04 11:28:33 [main] ERROR c.b.b.Block5LoggingApplication - ERROR DE COMPILACIÓN
2023-08-04 11:28:33 [main] ERROR c.b.b.Block5LoggingApplication - ERROR DE INSTALACIÓN
2023-08-04 11:28:33 [main] ERROR c.b.b.Block5LoggingApplication - I'm a teapot
2023-08-04 11:29:08 [main] ERROR c.b.b.Block5LoggingApplication - ERROR DE COMPILACIÓN
2023-08-04 11:29:08 [main] ERROR c.b.b.Block5LoggingApplication - ERROR DE INSTALACIÓN
2023-08-04 11:29:08 [main] ERROR c.b.b.Block5LoggingApplication - I'm a teapot
2023-08-04 11:30:18 [main] ERROR c.b.b.Block5LoggingApplication - ERROR DE COMPILACIÓN
2023-08-04 11:30:18 [main] ERROR c.b.b.Block5LoggingApplication - ERROR DE INSTALACIÓN
2023-08-04 11:30:18 [main] ERROR c.b.b.Block5LoggingApplication - I'm a teapot
2023-08-04 11:34:06 [main] ERROR c.b.b.Block5LoggingApplication - ERROR DE COMPILACIÓN
2023-08-04 11:34:06 [main] ERROR c.b.b.Block5LoggingApplication - ERROR DE INSTALACIÓN
2023-08-04 11:34:06 [main] ERROR c.b.b.Block5LoggingApplication - I'm a teapot
2023-08-04 11:36:30 [main] ERROR c.b.b.Block5LoggingApplication - ERROR DE COMPILACIÓN
2023-08-04 11:36:30 [main] ERROR c.b.b.Block5LoggingApplication - ERROR DE INSTALACIÓN
2023-08-04 11:36:30 [main] ERROR c.b.b.Block5LoggingApplication - I'm a teapot
